# JRE version: OpenJDK Runtime Environment Temurin-17.0.12+7 (17.0.12+7) (build 17.0.12+7)
# Java VM: OpenJDK 64-Bit Server VM Temurin-17.0.12+7 (17.0.12+7, mixed mode, tiered, compressed oops, compressed class ptrs, parallel gc, windows-amd64)
GC Precious Log:
 CPUs: 12 total, 12 available
 Memory: 16219M
 Large Page Support: Disabled
 NUMA Support: Disabled
 Compressed Oops: Enabled (32-bit)
 Alignments: Space 512K, Generation 512K, Heap 2M
 Heap Min Capacity: 100M
 Heap Initial Capacity: 100M
 Heap Max Capacity: 1G
 Pre-touch: Disabled
 Parallel Workers: 10
Heap:
 PSYoungGen      total 2560K, used 1240K [0x00000000eab00000, 0x00000000eae80000, 0x0000000100000000)
  eden space 2048K, 46% used [0x00000000eab00000,0x00000000eabee140,0x00000000ead00000)
  from space 512K, 56% used [0x00000000eae00000,0x00000000eae48000,0x00000000eae80000)
  to   space 512K, 0% used [0x00000000ead80000,0x00000000ead80000,0x00000000eae00000)
 ParOldGen       total 68608K, used 41782K [0x00000000c0000000, 0x00000000c4300000, 0x00000000eab00000)
  object space 68608K, 60% used [0x00000000c0000000,0x00000000c28cdaf0,0x00000000c4300000)
 Metaspace       used 72281K, committed 73600K, reserved 1179648K
  class space    used 7743K, committed 8320K, reserved 1048576K
GC Heap History (20 events):
Event: 19.283 GC heap before
{Heap before GC invocations=341 (full 9):
 PSYoungGen      total 2048K, used 2046K [0x00000000eab00000, 0x00000000eae80000, 0x0000000100000000)
  eden space 1536K, 99% used [0x00000000eab00000,0x00000000eac7f8f0,0x00000000eac80000)
  from space 512K, 100% used [0x00000000eac80000,0x00000000ead00000,0x00000000ead00000)
  to   space 1024K, 0% used [0x00000000ead80000,0x00000000ead80000,0x00000000eae80000)
 ParOldGen       total 68608K, used 38810K [0x00000000c0000000, 0x00000000c4300000, 0x00000000eab00000)
  object space 68608K, 56% used [0x00000000c0000000,0x00000000c25e6ac0,0x00000000c4300000)
 Metaspace       used 71474K, committed 72704K, reserved 1114112K
  class space    used 7660K, committed 8192K, reserved 1048576K
}
Event: 19.284 GC heap after
{Heap after GC invocations=341 (full 9):
 PSYoungGen      total 2560K, used 704K [0x00000000eab00000, 0x00000000eae80000, 0x0000000100000000)
  eden space 1536K, 0% used [0x00000000eab00000,0x00000000eab00000,0x00000000eac80000)
  from space 1024K, 68% used [0x00000000ead80000,0x00000000eae30000,0x00000000eae80000)
  to   space 1024K, 0% used [0x00000000eac80000,0x00000000eac80000,0x00000000ead80000)
 ParOldGen       total 68608K, used 39090K [0x00000000c0000000, 0x00000000c4300000, 0x00000000eab00000)
  object space 68608K, 56% used [0x00000000c0000000,0x00000000c262cac0,0x00000000c4300000)
 Metaspace       used 71474K, committed 72704K, reserved 1114112K
  class space    used 7660K, committed 8192K, reserved 1048576K
}
Event: 19.302 GC heap before
{Heap before GC invocations=342 (full 9):
 PSYoungGen      total 2560K, used 2240K [0x00000000eab00000, 0x00000000eae80000, 0x0000000100000000)
  eden space 1536K, 100% used [0x00000000eab00000,0x00000000eac80000,0x00000000eac80000)
  from space 1024K, 68% used [0x00000000ead80000,0x00000000eae30000,0x00000000eae80000)
  to   space 1024K, 0% used [0x00000000eac80000,0x00000000eac80000,0x00000000ead80000)
 ParOldGen       total 68608K, used 39090K [0x00000000c0000000, 0x00000000c4300000, 0x00000000eab00000)
  object space 68608K, 56% used [0x00000000c0000000,0x00000000c262cac0,0x00000000c4300000)
 Metaspace       used 71503K, committed 72768K, reserved 1114112K
  class space    used 7663K, committed 8192K, reserved 1048576K
}
Event: 19.304 GC heap after
{Heap after GC invocations=342 (full 9):
 PSYoungGen      total 2560K, used 992K [0x00000000eab00000, 0x00000000eaf80000, 0x0000000100000000)
  eden space 1536K, 0% used [0x00000000eab00000,0x00000000eab00000,0x00000000eac80000)
  from space 1024K, 96% used [0x00000000eac80000,0x00000000ead78040,0x00000000ead80000)
  to   space 1536K, 0% used [0x00000000eae00000,0x00000000eae00000,0x00000000eaf80000)
 ParOldGen       total 68608K, used 39114K [0x00000000c0000000, 0x00000000c4300000, 0x00000000eab00000)
  object space 68608K, 57% used [0x00000000c0000000,0x00000000c2632ac0,0x00000000c4300000)
 Metaspace       used 71503K, committed 72768K, reserved 1114112K
  class space    used 7663K, committed 8192K, reserved 1048576K
}
Event: 19.311 GC heap before
{Heap before GC invocations=343 (full 9):
 PSYoungGen      total 2560K, used 2528K [0x00000000eab00000, 0x00000000eaf80000, 0x0000000100000000)
  eden space 1536K, 100% used [0x00000000eab00000,0x00000000eac80000,0x00000000eac80000)
  from space 1024K, 96% used [0x00000000eac80000,0x00000000ead78040,0x00000000ead80000)
  to   space 1536K, 0% used [0x00000000eae00000,0x00000000eae00000,0x00000000eaf80000)
 ParOldGen       total 68608K, used 39114K [0x00000000c0000000, 0x00000000c4300000, 0x00000000eab00000)
  object space 68608K, 57% used [0x00000000c0000000,0x00000000c2632ac0,0x00000000c4300000)
 Metaspace       used 71507K, committed 72768K, reserved 1114112K
  class space    used 7663K, committed 8192K, reserved 1048576K
}
Event: 19.313 GC heap after
{Heap after GC invocations=343 (full 9):
 PSYoungGen      total 2560K, used 896K [0x00000000eab00000, 0x00000000eaf00000, 0x0000000100000000)
  eden space 1536K, 0% used [0x00000000eab00000,0x00000000eab00000,0x00000000eac80000)
  from space 1024K, 87% used [0x00000000eae00000,0x00000000eaee0020,0x00000000eaf00000)
  to   space 1024K, 0% used [0x00000000eac80000,0x00000000eac80000,0x00000000ead80000)
 ParOldGen       total 68608K, used 39690K [0x00000000c0000000, 0x00000000c4300000, 0x00000000eab00000)
  object space 68608K, 57% used [0x00000000c0000000,0x00000000c26c2ac0,0x00000000c4300000)
 Metaspace       used 71507K, committed 72768K, reserved 1114112K
  class space    used 7663K, committed 8192K, reserved 1048576K
}
Event: 19.316 GC heap before
{Heap before GC invocations=344 (full 9):
 PSYoungGen      total 2560K, used 2432K [0x00000000eab00000, 0x00000000eaf00000, 0x0000000100000000)
  eden space 1536K, 100% used [0x00000000eab00000,0x00000000eac80000,0x00000000eac80000)
  from space 1024K, 87% used [0x00000000eae00000,0x00000000eaee0020,0x00000000eaf00000)
  to   space 1024K, 0% used [0x00000000eac80000,0x00000000eac80000,0x00000000ead80000)
 ParOldGen       total 68608K, used 39690K [0x00000000c0000000, 0x00000000c4300000, 0x00000000eab00000)
  object space 68608K, 57% used [0x00000000c0000000,0x00000000c26c2ac0,0x00000000c4300000)
 Metaspace       used 71511K, committed 72768K, reserved 1114112K
  class space    used 7664K, committed 8192K, reserved 1048576K
}
Event: 19.317 GC heap after
{Heap after GC invocations=344 (full 9):
 PSYoungGen      total 2560K, used 608K [0x00000000eab00000, 0x00000000eaf00000, 0x0000000100000000)
  eden space 1536K, 0% used [0x00000000eab00000,0x00000000eab00000,0x00000000eac80000)
  from space 1024K, 59% used [0x00000000eac80000,0x00000000ead18000,0x00000000ead80000)
  to   space 1024K, 0% used [0x00000000eae00000,0x00000000eae00000,0x00000000eaf00000)
 ParOldGen       total 68608K, used 40302K [0x00000000c0000000, 0x00000000c4300000, 0x00000000eab00000)
  object space 68608K, 58% used [0x00000000c0000000,0x00000000c275baf0,0x00000000c4300000)
 Metaspace       used 71511K, committed 72768K, reserved 1114112K
  class space    used 7664K, committed 8192K, reserved 1048576K
}
Event: 19.323 GC heap before
{Heap before GC invocations=345 (full 9):
 PSYoungGen      total 2560K, used 2144K [0x00000000eab00000, 0x00000000eaf00000, 0x0000000100000000)
  eden space 1536K, 100% used [0x00000000eab00000,0x00000000eac80000,0x00000000eac80000)
  from space 1024K, 59% used [0x00000000eac80000,0x00000000ead18000,0x00000000ead80000)
  to   space 1024K, 0% used [0x00000000eae00000,0x00000000eae00000,0x00000000eaf00000)
 ParOldGen       total 68608K, used 40302K [0x00000000c0000000, 0x00000000c4300000, 0x00000000eab00000)
  object space 68608K, 58% used [0x00000000c0000000,0x00000000c275baf0,0x00000000c4300000)
 Metaspace       used 71521K, committed 72768K, reserved 1114112K
  class space    used 7666K, committed 8192K, reserved 1048576K
}
Event: 19.325 GC heap after
{Heap after GC invocations=345 (full 9):
 PSYoungGen      total 3072K, used 544K [0x00000000eab00000, 0x00000000eaf00000, 0x0000000100000000)
  eden space 2048K, 0% used [0x00000000eab00000,0x00000000eab00000,0x00000000ead00000)
  from space 1024K, 53% used [0x00000000eae00000,0x00000000eae88000,0x00000000eaf00000)
  to   space 1024K, 0% used [0x00000000ead00000,0x00000000ead00000,0x00000000eae00000)
 ParOldGen       total 68608K, used 40774K [0x00000000c0000000, 0x00000000c4300000, 0x00000000eab00000)
  object space 68608K, 59% used [0x00000000c0000000,0x00000000c27d1af0,0x00000000c4300000)
 Metaspace       used 71521K, committed 72768K, reserved 1114112K
  class space    used 7666K, committed 8192K, reserved 1048576K
}
Event: 19.332 GC heap before
{Heap before GC invocations=346 (full 9):
 PSYoungGen      total 3072K, used 2592K [0x00000000eab00000, 0x00000000eaf00000, 0x0000000100000000)
  eden space 2048K, 100% used [0x00000000eab00000,0x00000000ead00000,0x00000000ead00000)
  from space 1024K, 53% used [0x00000000eae00000,0x00000000eae88000,0x00000000eaf00000)
  to   space 1024K, 0% used [0x00000000ead00000,0x00000000ead00000,0x00000000eae00000)
 ParOldGen       total 68608K, used 40774K [0x00000000c0000000, 0x00000000c4300000, 0x00000000eab00000)
  object space 68608K, 59% used [0x00000000c0000000,0x00000000c27d1af0,0x00000000c4300000)
 Metaspace       used 71527K, committed 72768K, reserved 1114112K
  class space    used 7666K, committed 8192K, reserved 1048576K
}
Event: 19.334 GC heap after
{Heap after GC invocations=346 (full 9):
 PSYoungGen      total 3072K, used 480K [0x00000000eab00000, 0x00000000eae80000, 0x0000000100000000)
  eden space 2048K, 0% used [0x00000000eab00000,0x00000000eab00000,0x00000000ead00000)
  from space 1024K, 46% used [0x00000000ead00000,0x00000000ead78000,0x00000000eae00000)
  to   space 512K, 0% used [0x00000000eae00000,0x00000000eae00000,0x00000000eae80000)
 ParOldGen       total 68608K, used 41110K [0x00000000c0000000, 0x00000000c4300000, 0x00000000eab00000)
  object space 68608K, 59% used [0x00000000c0000000,0x00000000c2825af0,0x00000000c4300000)
 Metaspace       used 71527K, committed 72768K, reserved 1114112K
  class space    used 7666K, committed 8192K, reserved 1048576K
}
Event: 19.403 GC heap before
{Heap before GC invocations=347 (full 9):
 PSYoungGen      total 3072K, used 2528K [0x00000000eab00000, 0x00000000eae80000, 0x0000000100000000)
  eden space 2048K, 100% used [0x00000000eab00000,0x00000000ead00000,0x00000000ead00000)
  from space 1024K, 46% used [0x00000000ead00000,0x00000000ead78000,0x00000000eae00000)
  to   space 512K, 0% used [0x00000000eae00000,0x00000000eae00000,0x00000000eae80000)
 ParOldGen       total 68608K, used 41110K [0x00000000c0000000, 0x00000000c4300000, 0x00000000eab00000)
  object space 68608K, 59% used [0x00000000c0000000,0x00000000c2825af0,0x00000000c4300000)
 Metaspace       used 71614K, committed 72896K, reserved 1114112K
  class space    used 7677K, committed 8256K, reserved 1048576K
}
Event: 19.404 GC heap after
{Heap after GC invocations=347 (full 9):
 PSYoungGen      total 2560K, used 288K [0x00000000eab00000, 0x00000000eae80000, 0x0000000100000000)
  eden space 2048K, 0% used [0x00000000eab00000,0x00000000eab00000,0x00000000ead00000)
  from space 512K, 56% used [0x00000000eae00000,0x00000000eae48000,0x00000000eae80000)
  to   space 512K, 0% used [0x00000000ead80000,0x00000000ead80000,0x00000000eae00000)
 ParOldGen       total 68608K, used 41254K [0x00000000c0000000, 0x00000000c4300000, 0x00000000eab00000)
  object space 68608K, 60% used [0x00000000c0000000,0x00000000c2849af0,0x00000000c4300000)
 Metaspace       used 71614K, committed 72896K, reserved 1114112K
  class space    used 7677K, committed 8256K, reserved 1048576K
}
Event: 19.443 GC heap before
{Heap before GC invocations=348 (full 9):
 PSYoungGen      total 2560K, used 2336K [0x00000000eab00000, 0x00000000eae80000, 0x0000000100000000)
  eden space 2048K, 100% used [0x00000000eab00000,0x00000000ead00000,0x00000000ead00000)
  from space 512K, 56% used [0x00000000eae00000,0x00000000eae48000,0x00000000eae80000)
  to   space 512K, 0% used [0x00000000ead80000,0x00000000ead80000,0x00000000eae00000)
 ParOldGen       total 68608K, used 41254K [0x00000000c0000000, 0x00000000c4300000, 0x00000000eab00000)
  object space 68608K, 60% used [0x00000000c0000000,0x00000000c2849af0,0x00000000c4300000)
 Metaspace       used 71747K, committed 73024K, reserved 1114112K
  class space    used 7694K, committed 8256K, reserved 1048576K
}
Event: 19.444 GC heap after
{Heap after GC invocations=348 (full 9):
 PSYoungGen      total 2560K, used 288K [0x00000000eab00000, 0x00000000eae80000, 0x0000000100000000)
  eden space 2048K, 0% used [0x00000000eab00000,0x00000000eab00000,0x00000000ead00000)
  from space 512K, 56% used [0x00000000ead80000,0x00000000eadc8000,0x00000000eae00000)
  to   space 512K, 0% used [0x00000000eae00000,0x00000000eae00000,0x00000000eae80000)
 ParOldGen       total 68608K, used 41406K [0x00000000c0000000, 0x00000000c4300000, 0x00000000eab00000)
  object space 68608K, 60% used [0x00000000c0000000,0x00000000c286fb00,0x00000000c4300000)
 Metaspace       used 71747K, committed 73024K, reserved 1114112K
  class space    used 7694K, committed 8256K, reserved 1048576K
}
Event: 19.488 GC heap before
{Heap before GC invocations=349 (full 9):
 PSYoungGen      total 2560K, used 2336K [0x00000000eab00000, 0x00000000eae80000, 0x0000000100000000)
  eden space 2048K, 100% used [0x00000000eab00000,0x00000000ead00000,0x00000000ead00000)
  from space 512K, 56% used [0x00000000ead80000,0x00000000eadc8000,0x00000000eae00000)
  to   space 512K, 0% used [0x00000000eae00000,0x00000000eae00000,0x00000000eae80000)
 ParOldGen       total 68608K, used 41406K [0x00000000c0000000, 0x00000000c4300000, 0x00000000eab00000)
  object space 68608K, 60% used [0x00000000c0000000,0x00000000c286fb00,0x00000000c4300000)
 Metaspace       used 71997K, committed 73280K, reserved 1179648K
  class space    used 7715K, committed 8256K, reserved 1048576K
}
Event: 19.489 GC heap after
{Heap after GC invocations=349 (full 9):
 PSYoungGen      total 2560K, used 389K [0x00000000eab00000, 0x00000000eae80000, 0x0000000100000000)
  eden space 2048K, 0% used [0x00000000eab00000,0x00000000eab00000,0x00000000ead00000)
  from space 512K, 75% used [0x00000000eae00000,0x00000000eae61420,0x00000000eae80000)
  to   space 512K, 0% used [0x00000000ead80000,0x00000000ead80000,0x00000000eae00000)
 ParOldGen       total 68608K, used 41548K [0x00000000c0000000, 0x00000000c4300000, 0x00000000eab00000)
  object space 68608K, 60% used [0x00000000c0000000,0x00000000c2893228,0x00000000c4300000)
 Metaspace       used 71997K, committed 73280K, reserved 1179648K
  class space    used 7715K, committed 8256K, reserved 1048576K
}
Event: 19.609 GC heap before
{Heap before GC invocations=350 (full 9):
 PSYoungGen      total 2560K, used 2437K [0x00000000eab00000, 0x00000000eae80000, 0x0000000100000000)
  eden space 2048K, 100% used [0x00000000eab00000,0x00000000ead00000,0x00000000ead00000)
  from space 512K, 75% used [0x00000000eae00000,0x00000000eae61420,0x00000000eae80000)
  to   space 512K, 0% used [0x00000000ead80000,0x00000000ead80000,0x00000000eae00000)
 ParOldGen       total 68608K, used 41548K [0x00000000c0000000, 0x00000000c4300000, 0x00000000eab00000)
  object space 68608K, 60% used [0x00000000c0000000,0x00000000c2893228,0x00000000c4300000)
 Metaspace       used 72147K, committed 73536K, reserved 1179648K
  class space    used 7728K, committed 8320K, reserved 1048576K
}
Event: 19.610 GC heap after
{Heap after GC invocations=350 (full 9):
 PSYoungGen      total 2560K, used 320K [0x00000000eab00000, 0x00000000eae80000, 0x0000000100000000)
  eden space 2048K, 0% used [0x00000000eab00000,0x00000000eab00000,0x00000000ead00000)
  from space 512K, 62% used [0x00000000ead80000,0x00000000eadd0000,0x00000000eae00000)
  to   space 512K, 0% used [0x00000000eae00000,0x00000000eae00000,0x00000000eae80000)
 ParOldGen       total 68608K, used 41774K [0x00000000c0000000, 0x00000000c4300000, 0x00000000eab00000)
  object space 68608K, 60% used [0x00000000c0000000,0x00000000c28cbaf0,0x00000000c4300000)
 Metaspace       used 72147K, committed 73536K, reserved 1179648K
  class space    used 7728K, committed 8320K, reserved 1048576K
}

